<?xml version="1.0" encoding="UTF-8"?>
<testsuite xmlns:xsi="http://www.w3.org/2001/XMLSchema-instance" xsi:noNamespaceSchemaLocation="https://maven.apache.org/surefire/maven-surefire-plugin/xsd/surefire-test-report.xsd" name="com.ledgefarm.core.WalletServiceTest" time="5.954" tests="3" errors="2" skipped="0" failures="1">
  <properties>
    <property name="sun.desktop" value="windows"/>
    <property name="awt.toolkit" value="sun.awt.windows.WToolkit"/>
    <property name="file.encoding.pkg" value="sun.io"/>
    <property name="java.specification.version" value="1.8"/>
    <property name="sun.cpu.isalist" value="amd64"/>
    <property name="sun.jnu.encoding" value="Cp1252"/>
    <property name="java.class.path" value="e:\LFGerrit\LedgefarmExamples\Java_Sample\com.ledgefarm.core\src\main\resources\archetype-resources\target\test-classes;e:\LFGerrit\LedgefarmExamples\Java_Sample\com.ledgefarm.core\src\main\resources\archetype-resources\target\classes;C:\Users\satish\.m2\repository\org\apache\httpcomponents\httpclient\4.5.3\httpclient-4.5.3.jar;C:\Users\satish\.m2\repository\org\apache\httpcomponents\httpcore\4.4.6\httpcore-4.4.6.jar;C:\Users\satish\.m2\repository\commons-logging\commons-logging\1.2\commons-logging-1.2.jar;C:\Users\satish\.m2\repository\commons-codec\commons-codec\1.9\commons-codec-1.9.jar;C:\Users\satish\.m2\repository\com\google\code\gson\gson\2.8.0\gson-2.8.0.jar;C:\Users\satish\.m2\repository\commons-io\commons-io\2.5\commons-io-2.5.jar;C:\Users\satish\.m2\repository\junit\junit\4.11\junit-4.11.jar;C:\Users\satish\.m2\repository\org\hamcrest\hamcrest-core\1.3\hamcrest-core-1.3.jar;"/>
    <property name="java.vm.vendor" value="Oracle Corporation"/>
    <property name="sun.arch.data.model" value="64"/>
    <property name="user.variant" value=""/>
    <property name="java.vendor.url" value="http://java.oracle.com/"/>
    <property name="user.timezone" value="Asia/Calcutta"/>
    <property name="java.vm.specification.version" value="1.8"/>
    <property name="os.name" value="Windows 10"/>
    <property name="user.country" value="IN"/>
    <property name="sun.java.launcher" value="SUN_STANDARD"/>
    <property name="sun.boot.library.path" value="C:\Program Files\Java\jdk1.8.0_161\jre\bin"/>
    <property name="sun.java.command" value="C:\Users\satish\AppData\Local\Temp\surefire2851587976390087483\surefirebooter1305197822676617624.jar C:\Users\satish\AppData\Local\Temp\surefire2851587976390087483 2019-08-02T14-18-36_184-jvmRun1 surefire1215206106284586203tmp surefire_02525450273499091014tmp"/>
    <property name="surefire.test.class.path" value="e:\LFGerrit\LedgefarmExamples\Java_Sample\com.ledgefarm.core\src\main\resources\archetype-resources\target\test-classes;e:\LFGerrit\LedgefarmExamples\Java_Sample\com.ledgefarm.core\src\main\resources\archetype-resources\target\classes;C:\Users\satish\.m2\repository\org\apache\httpcomponents\httpclient\4.5.3\httpclient-4.5.3.jar;C:\Users\satish\.m2\repository\org\apache\httpcomponents\httpcore\4.4.6\httpcore-4.4.6.jar;C:\Users\satish\.m2\repository\commons-logging\commons-logging\1.2\commons-logging-1.2.jar;C:\Users\satish\.m2\repository\commons-codec\commons-codec\1.9\commons-codec-1.9.jar;C:\Users\satish\.m2\repository\com\google\code\gson\gson\2.8.0\gson-2.8.0.jar;C:\Users\satish\.m2\repository\commons-io\commons-io\2.5\commons-io-2.5.jar;C:\Users\satish\.m2\repository\junit\junit\4.11\junit-4.11.jar;C:\Users\satish\.m2\repository\org\hamcrest\hamcrest-core\1.3\hamcrest-core-1.3.jar;"/>
    <property name="sun.cpu.endian" value="little"/>
    <property name="user.home" value="C:\Users\satish"/>
    <property name="user.language" value="en"/>
    <property name="java.specification.vendor" value="Oracle Corporation"/>
    <property name="java.home" value="C:\Program Files\Java\jdk1.8.0_161\jre"/>
    <property name="basedir" value="e:\LFGerrit\LedgefarmExamples\Java_Sample\com.ledgefarm.core\src\main\resources\archetype-resources"/>
    <property name="file.separator" value="\"/>
    <property name="line.separator" value="&#10;"/>
    <property name="java.vm.specification.vendor" value="Oracle Corporation"/>
    <property name="java.specification.name" value="Java Platform API Specification"/>
    <property name="java.awt.graphicsenv" value="sun.awt.Win32GraphicsEnvironment"/>
    <property name="surefire.real.class.path" value="C:\Users\satish\AppData\Local\Temp\surefire2851587976390087483\surefirebooter1305197822676617624.jar"/>
    <property name="sun.boot.class.path" value="C:\Program Files\Java\jdk1.8.0_161\jre\lib\resources.jar;C:\Program Files\Java\jdk1.8.0_161\jre\lib\rt.jar;C:\Program Files\Java\jdk1.8.0_161\jre\lib\sunrsasign.jar;C:\Program Files\Java\jdk1.8.0_161\jre\lib\jsse.jar;C:\Program Files\Java\jdk1.8.0_161\jre\lib\jce.jar;C:\Program Files\Java\jdk1.8.0_161\jre\lib\charsets.jar;C:\Program Files\Java\jdk1.8.0_161\jre\lib\jfr.jar;C:\Program Files\Java\jdk1.8.0_161\jre\classes"/>
    <property name="user.script" value=""/>
    <property name="sun.management.compiler" value="HotSpot 64-Bit Tiered Compilers"/>
    <property name="java.runtime.version" value="1.8.0_161-b12"/>
    <property name="user.name" value="satish"/>
    <property name="path.separator" value=";"/>
    <property name="os.version" value="10.0"/>
    <property name="java.endorsed.dirs" value="C:\Program Files\Java\jdk1.8.0_161\jre\lib\endorsed"/>
    <property name="java.runtime.name" value="Java(TM) SE Runtime Environment"/>
    <property name="file.encoding" value="Cp1252"/>
    <property name="java.vm.name" value="Java HotSpot(TM) 64-Bit Server VM"/>
    <property name="localRepository" value="C:\Users\satish\.m2\repository"/>
    <property name="java.vendor.url.bug" value="http://bugreport.sun.com/bugreport/"/>
    <property name="java.io.tmpdir" value="C:\Users\satish\AppData\Local\Temp\"/>
    <property name="java.version" value="1.8.0_161"/>
    <property name="user.dir" value="e:\LFGerrit\LedgefarmExamples\Java_Sample\com.ledgefarm.core\src\main\resources\archetype-resources"/>
    <property name="os.arch" value="amd64"/>
    <property name="java.vm.specification.name" value="Java Virtual Machine Specification"/>
    <property name="java.awt.printerjob" value="sun.awt.windows.WPrinterJob"/>
    <property name="sun.os.patch.level" value=""/>
    <property name="java.library.path" value="C:\Program Files\Java\jdk1.8.0_161\jre\bin;C:\WINDOWS\Sun\Java\bin;C:\WINDOWS\system32;C:\WINDOWS;C:\Program Files (x86)\Common Files\Oracle\Java\javapath;C:\ProgramData\Oracle\Java\javapath;C:\WINDOWS\system32;C:\WINDOWS;C:\WINDOWS\System32\Wbem;C:\WINDOWS\System32\WindowsPowerShell\v1.0\;C:\WINDOWS\System32\OpenSSH\;C:\Program Files\OpenVPN\bin;C:\Program Files\dotnet\;C:\Program Files\Microsoft SQL Server\130\Tools\Binn\;C:\Program Files\Microsoft SQL Server\Client SDK\ODBC\110\Tools\Binn\;C:\Program Files (x86)\Microsoft SQL Server\120\Tools\Binn\;C:\Program Files\Microsoft SQL Server\120\Tools\Binn\;C:\Program Files\Microsoft SQL Server\120\DTS\Binn\;C:\Program Files (x86)\Microsoft SQL Server\120\Tools\Binn\ManagementStudio\;C:\Program Files (x86)\Microsoft SQL Server\120\DTS\Binn\;C:\Program Files\Git\cmd;C:\Program Files\nodejs\;C:\Program Files (x86)\dotnet\;C:\Program Files\PuTTY\;C:\Go\bin;C:\Program Files (x86)\Intel\Intel(R) Management Engine Components\DAL;C:\Program Files\Intel\Intel(R) Management Engine Components\DAL;C:\Program Files\Java\jdk1.8.0_161\bin;C:\Program Files\apache-maven-3.6.1\bin;C:\Users\satish\AppData\Local\Microsoft\WindowsApps;;C:\Users\satish\AppData\Local\Programs\Microsoft VS Code\bin;C:\Users\satish\AppData\Roaming\npm;C:\Users\satish\AppData\Local\Programs\Fiddler;C:\Users\satish\.dotnet\tools;C:\Program Files (x86)\Rico Suter\NSwagStudio\;C:\Users\satish\go\bin;."/>
    <property name="java.vm.info" value="mixed mode"/>
    <property name="java.vendor" value="Oracle Corporation"/>
    <property name="java.vm.version" value="25.161-b12"/>
    <property name="java.ext.dirs" value="C:\Program Files\Java\jdk1.8.0_161\jre\lib\ext;C:\WINDOWS\Sun\Java\lib\ext"/>
    <property name="sun.io.unicode.encoding" value="UnicodeLittle"/>
    <property name="java.class.version" value="52.0"/>
  </properties>
  <testcase name="GetWallet" classname="com.ledgefarm.core.WalletServiceTest" time="1.327">
    <error message="User wallet not found" type="com.ledgefarm.core.LedgefarmException">com.ledgefarm.core.LedgefarmException: User wallet not found
	at com.ledgefarm.core.WalletServiceTest.GetWallet(WalletServiceTest.java:35)
</error>
  </testcase>
  <testcase name="CreateWalletException" classname="com.ledgefarm.core.WalletServiceTest" time="4.293">
    <failure message="Expected exception: com.ledgefarm.core.LedgefarmException" type="java.lang.AssertionError">java.lang.AssertionError: Expected exception: com.ledgefarm.core.LedgefarmException
</failure>
    <system-out><![CDATA[wallet95b6d7948a44bee31dfa5f5aaccd44e17445c6ad8fceb913299c70a20e2a9b12
]]></system-out>
  </testcase>
  <testcase name="CreateWallet" classname="com.ledgefarm.core.WalletServiceTest" time="0.303">
    <error message="User wallet already exists" type="com.ledgefarm.core.LedgefarmException">com.ledgefarm.core.LedgefarmException: User wallet already exists
	at com.ledgefarm.core.WalletServiceTest.CreateWallet(WalletServiceTest.java:18)
</error>
  </testcase>
</testsuite>